<?xml version="1.0" encoding="UTF-8"?>
<!-- Generated by org.testng.reporters.JUnitReportReporter -->
<testsuite hostname="LAPTOP-39100DHL" failures="0" tests="1" name="branch1.sample1" time="0.009" errors="0" timestamp="2024-02-28T08:40:36 IST" skipped="0">
  <testcase classname="branch1.sample1" name="show" time="0.009"/>
  <system-out/>
</testsuite> <!-- branch1.sample1 -->
