<?xml version="1.0" encoding="UTF-8"?>
<!-- Generated by org.testng.reporters.JUnitReportReporter -->
<testsuite hostname="LAPTOP-39100DHL" failures="0" tests="2" name="branch3.sample3" time="0.010" errors="0" timestamp="2024-02-28T08:55:16 IST" skipped="0">
  <testcase classname="branch3.sample3" name="display" time="0.008"/>
  <system-out/>
  <testcase classname="branch3.sample3" name="show" time="0.002"/>
  <system-out/>
</testsuite> <!-- branch3.sample3 -->
